<?xml version="1.0" encoding="UTF-8"?>
<!-- Generated by org.testng.reporters.JUnitReportReporter -->
<testsuite skipped="0" hostname="DESKTOP-BLC4JLR" name="dRSTinV3_Tests.EventCreation_Test" tests="1" failures="0" timestamp="17 Feb 2020 13:05:57 GMT" time="19.915" errors="0">
  <testcase name="eventcreatrionpagenavigation" time="19.915" classname="dRSTinV3_Tests.EventCreation_Test"/>
</testsuite> <!-- dRSTinV3_Tests.EventCreation_Test -->
