<?xml version="1.0" encoding="UTF-8"?>
<!-- Generated by org.testng.reporters.JUnitReportReporter -->
<testsuite skipped="0" hostname="DESKTOP-BLC4JLR" name="dRSTinV3_Tests.loginpage_test" tests="1" failures="0" timestamp="04 Feb 2020 12:50:12 GMT" time="28.745" errors="0">
  <testcase name="SuccesfulLogin" time="28.745" classname="dRSTinV3_Tests.loginpage_test"/>
</testsuite> <!-- dRSTinV3_Tests.loginpage_test -->
