<?xml version="1.0" encoding="UTF-8"?>
<!-- Generated by org.testng.reporters.JUnitReportReporter -->
<testsuite skipped="0" hostname="DESKTOP-BLC4JLR" name="dRSTinV3_Tests.homepage_test" tests="1" failures="0" timestamp="03 Feb 2020 07:45:41 GMT" time="18.528" errors="0">
  <testcase name="userpagenavigation" time="18.528" classname="dRSTinV3_Tests.homepage_test"/>
</testsuite> <!-- dRSTinV3_Tests.homepage_test -->
