<?xml version="1.0" encoding="UTF-8"?>
<!-- Generated by org.testng.reporters.JUnitReportReporter -->
<testsuite skipped="0" hostname="DESKTOP-BLC4JLR" name="dRSTinV3_Tests.homepage_test" tests="1" failures="0" timestamp="03 Feb 2020 10:43:05 GMT" time="29.370" errors="0">
  <testcase name="userpagenavigation" time="29.370" classname="dRSTinV3_Tests.homepage_test"/>
</testsuite> <!-- dRSTinV3_Tests.homepage_test -->
