<?xml version="1.0" encoding="UTF-8"?>
<!-- Generated by org.testng.reporters.JUnitReportReporter -->
<testsuite skipped="2" hostname="DESKTOP-BLC4JLR" name="Tests.companies_test" tests="6" failures="0" timestamp="07 Feb 2020 09:56:52 GMT" time="125.698" errors="0">
  <testcase name="newcompcreation" time="31.568" classname="Tests.companies_test"/>
  <testcase name="newcompcreation" time="30.130" classname="Tests.companies_test"/>
  <testcase name="newcompcreation" time="33.536" classname="Tests.companies_test"/>
  <testcase name="newcompcreation" time="30.464" classname="Tests.companies_test"/>
  <testcase name="usernavigatetocompanypage" classname="Tests.companies_test">
    <skipped/>
  </testcase> <!-- usernavigatetocompanypage -->
  <testcase name="newcompanypage" classname="Tests.companies_test">
    <skipped/>
  </testcase> <!-- newcompanypage -->
</testsuite> <!-- Tests.companies_test -->
