<?xml version="1.0" encoding="UTF-8"?>
<!-- Generated by org.testng.reporters.JUnitReportReporter -->
<testsuite hostname="DESKTOP-BLC4JLR" name="Tests.login_test" tests="2" failures="0" timestamp="6 Feb 2020 12:09:42 GMT" time="101.566" errors="0">
  <testcase name="loginerrormessage" time="48.518" classname="Tests.login_test"/>
  <testcase name="successfullylogin" time="53.048" classname="Tests.login_test"/>
</testsuite> <!-- Tests.login_test -->
