<?xml version="1.0" encoding="UTF-8"?>
<!-- Generated by org.testng.reporters.JUnitReportReporter -->
<testsuite skipped="0" hostname="Dell-PC" name="AuthTests.ClientRegistration_Test" tests="1" failures="0" timestamp="2020-06-03T18:57:47 IST" time="4.169" errors="0">
  <testcase name="ClientRegistrationValidation" time="4.169" classname="AuthTests.ClientRegistration_Test"/>
  <system-out/>
</testsuite> <!-- AuthTests.ClientRegistration_Test -->
