<?xml version="1.0" encoding="UTF-8"?>
<!-- Generated by org.testng.reporters.JUnitReportReporter -->
<testsuite skipped="0" hostname="Dell-PC" name="AuthTests.ClientAdminRegistration" tests="5" failures="0" timestamp="2020-06-18T16:23:42 IST" time="23.067" errors="0">
  <testcase name="ClientRegistrationValidation" time="14.800" classname="AuthTests.ClientAdminRegistration"/>
  <testcase name="gettokenvalidation" time="1.565" classname="AuthTests.ClientAdminRegistration"/>
  <testcase name="usercreation" time="1.628" classname="AuthTests.ClientAdminRegistration"/>
  <testcase name="UserGroupDetails" time="3.744" classname="AuthTests.ClientAdminRegistration"/>
  <testcase name="DashboardGroupResponseValidation" time="1.330" classname="AuthTests.ClientAdminRegistration"/>
</testsuite> <!-- AuthTests.ClientAdminRegistration -->
