<?xml version="1.0" encoding="UTF-8"?>
<!-- Generated by org.testng.reporters.JUnitReportReporter -->
<testsuite skipped="0" hostname="DESKTOP-BLC4JLR" name="com.crm.tests.LoginTest" tests="2" failures="0" timestamp="16 Dec 2019 07:46:05 GMT" time="95.248" errors="0">
  <testcase name="LoginTitle" time="51.722" classname="com.crm.tests.LoginTest"/>
  <testcase name="SuccessfulLogin" time="43.526" classname="com.crm.tests.LoginTest"/>
</testsuite> <!-- com.crm.tests.LoginTest -->
