<?xml version="1.0" encoding="UTF-8"?>
<!-- Generated by org.testng.reporters.JUnitReportReporter -->
<testsuite skipped="2" hostname="DESKTOP-BLC4JLR" name="com.crm.tests.HomePageTest" tests="3" failures="0" timestamp="16 Dec 2019 07:46:05 GMT" time="58.876" errors="0">
  <testcase name="Usernamedisplay" time="58.876" classname="com.crm.tests.HomePageTest"/>
  <testcase name="NavigatetoTrashpage" classname="com.crm.tests.HomePageTest">
    <skipped/>
  </testcase> <!-- NavigatetoTrashpage -->
  <testcase name="contactpagenavigation" classname="com.crm.tests.HomePageTest">
    <skipped/>
  </testcase> <!-- contactpagenavigation -->
</testsuite> <!-- com.crm.tests.HomePageTest -->
