<?xml version="1.0" encoding="UTF-8"?>
<!-- Generated by org.testng.reporters.JUnitReportReporter -->
<testsuite skipped="0" hostname="DESKTOP-BLC4JLR" name="com.crm.tests.ContactPageTest" tests="1" failures="0" timestamp="16 Dec 2019 07:46:05 GMT" time="48.678" errors="0">
  <testcase name="newcontaactcreation" time="48.678" classname="com.crm.tests.ContactPageTest"/>
</testsuite> <!-- com.crm.tests.ContactPageTest -->
